{"/Users/lindsayxie/Documents/Ht6/new.api.hackthe6ix.com/src/services/seasons.service.ts": {"path":"/Users/lindsayxie/Documents/Ht6/new.api.hackthe6ix.com/src/services/seasons.service.ts","statementMap":{"0":{"start":{"line":5,"column":28},"end":{"line":20,"column":null}},"1":{"start":{"line":6,"column":2},"end":{"line":19,"column":null}},"2":{"start":{"line":7,"column":19},"end":{"line":11,"column":null}},"3":{"start":{"line":12,"column":4},"end":{"line":14,"column":null}},"4":{"start":{"line":13,"column":6},"end":{"line":13,"column":null}},"5":{"start":{"line":15,"column":4},"end":{"line":15,"column":null}},"6":{"start":{"line":17,"column":10},"end":{"line":17,"column":null}},"7":{"start":{"line":18,"column":4},"end":{"line":18,"column":null}}},"fnMap":{"0":{"name":"(anonymous_0)","decl":{"start":{"line":5,"column":28},"end":{"line":5,"column":35}},"loc":{"start":{"line":5,"column":58},"end":{"line":20,"column":null}},"line":5}},"branchMap":{"0":{"loc":{"start":{"line":12,"column":4},"end":{"line":14,"column":null}},"type":"if","locations":[{"start":{"line":12,"column":4},"end":{"line":14,"column":null}},{"start":{},"end":{}}],"line":12}},"s":{"0":1,"1":3,"2":3,"3":2,"4":1,"5":1,"6":1,"7":1},"f":{"0":3},"b":{"0":[1,1]},"meta":{"lastBranch":1,"lastFunction":1,"lastStatement":8,"seen":{"s:5:28:20:Infinity":0,"f:5:28:5:35":0,"s:6:2:19:Infinity":1,"s:7:19:11:Infinity":2,"b:12:4:14:Infinity:undefined:undefined:undefined:undefined":0,"s:12:4:14:Infinity":3,"s:13:6:13:Infinity":4,"s:15:4:15:Infinity":5,"s:17:10:17:Infinity":6,"s:18:4:18:Infinity":7}}}
}
